<?xml version="1.0" encoding="UTF-8"?>
<testng-results ignored="0" total="1" passed="1" failed="0" skipped="0">
  <reporter-output>
    <line>
      <![CDATA[Screenshot captured]]>
    </line>
  </reporter-output>
  <suite started-at="2021-07-27T09:02:13Z" name="Default suite" finished-at="2021-07-27T09:02:38Z" duration-ms="25833">
    <groups>
    </groups>
    <test started-at="2021-07-27T09:02:13Z" name="Default test" finished-at="2021-07-27T09:02:38Z" duration-ms="25833">
      <class name="com.practice.testcases.LoginTestAutomationPractice">
        <test-method is-config="true" signature="setUpSuite()[pri:0, instance:com.practice.testcases.LoginTestAutomationPractice@36cda2c2]" started-at="2021-07-27T09:02:12Z" name="setUpSuite" finished-at="2021-07-27T09:02:13Z" duration-ms="589" status="PASS">
          <reporter-output>
          </reporter-output>
        </test-method> <!-- setUpSuite -->
        <test-method is-config="true" signature="setUp()[pri:0, instance:com.practice.testcases.LoginTestAutomationPractice@36cda2c2]" started-at="2021-07-27T09:02:13Z" name="setUp" finished-at="2021-07-27T09:02:27Z" duration-ms="14288" status="PASS">
          <reporter-output>
          </reporter-output>
        </test-method> <!-- setUp -->
        <test-method signature="loginApp()[pri:0, instance:com.practice.testcases.LoginTestAutomationPractice@36cda2c2]" started-at="2021-07-27T09:02:27Z" name="loginApp" finished-at="2021-07-27T09:02:37Z" duration-ms="9946" status="PASS">
          <reporter-output>
          </reporter-output>
        </test-method> <!-- loginApp -->
        <test-method is-config="true" signature="tearDownMethod(org.testng.ITestResult)[pri:0, instance:com.practice.testcases.LoginTestAutomationPractice@36cda2c2]" started-at="2021-07-27T09:02:37Z" name="tearDownMethod" finished-at="2021-07-27T09:02:38Z" duration-ms="712" status="PASS">
          <params>
            <param index="0">
              <value>
                <![CDATA[[TestResult name=loginApp status=SUCCESS method=LoginTestAutomationPractice.loginApp()[pri:0, instance:com.practice.testcases.LoginTestAutomationPractice@36cda2c2] output={null}]]]>
              </value>
            </param>
          </params>
          <reporter-output>
            <line>
              <![CDATA[Screenshot captured]]>
            </line>
          </reporter-output>
        </test-method> <!-- tearDownMethod -->
        <test-method is-config="true" signature="tearDown()[pri:0, instance:com.practice.testcases.LoginTestAutomationPractice@36cda2c2]" started-at="2021-07-27T09:02:38Z" name="tearDown" finished-at="2021-07-27T09:02:38Z" duration-ms="868" status="PASS">
          <reporter-output>
          </reporter-output>
        </test-method> <!-- tearDown -->
      </class> <!-- com.practice.testcases.LoginTestAutomationPractice -->
    </test> <!-- Default test -->
  </suite> <!-- Default suite -->
</testng-results>
